2019-05-09 17:32:41.811 +07:00 [INF] Starting webhost HallOfFame.API
2019-05-09 17:32:41.839 +07:00 [INF] SeedData setting is true. Seeding...
2019-05-09 17:32:42.160 +07:00 [INF] Entity Framework Core 2.2.4-servicing-10062 initialized 'ApplicationDbContext' using provider 'Microsoft.EntityFrameworkCore.SqlServer' with options: MigrationsAssembly=HallOfFame.API 
2019-05-09 17:32:52.926 +07:00 [INF] Executed DbCommand (123ms) [Parameters=[], CommandType='"Text"', CommandTimeout='60']
CREATE DATABASE [TomskASUProject.HallOfFame];
2019-05-09 17:32:52.978 +07:00 [INF] Executed DbCommand (41ms) [Parameters=[], CommandType='"Text"', CommandTimeout='60']
IF SERVERPROPERTY('EngineEdition') <> 5
BEGIN
    ALTER DATABASE [TomskASUProject.HallOfFame] SET READ_COMMITTED_SNAPSHOT ON;
END;
2019-05-09 17:32:53.027 +07:00 [INF] Executed DbCommand (14ms) [Parameters=[], CommandType='"Text"', CommandTimeout='30']
CREATE TABLE [__EFMigrationsHistory] (
    [MigrationId] nvarchar(150) NOT NULL,
    [ProductVersion] nvarchar(32) NOT NULL,
    CONSTRAINT [PK___EFMigrationsHistory] PRIMARY KEY ([MigrationId])
);
2019-05-09 17:32:53.054 +07:00 [INF] Executed DbCommand (23ms) [Parameters=[], CommandType='"Text"', CommandTimeout='30']
SELECT OBJECT_ID(N'[__EFMigrationsHistory]');
2019-05-09 17:32:53.069 +07:00 [INF] Executed DbCommand (12ms) [Parameters=[], CommandType='"Text"', CommandTimeout='30']
SELECT [MigrationId], [ProductVersion]
FROM [__EFMigrationsHistory]
ORDER BY [MigrationId];
2019-05-09 17:32:53.077 +07:00 [INF] Applying migration '20190507101430_ApplicationDbInitialMigration'.
2019-05-09 17:32:53.097 +07:00 [INF] Executed DbCommand (9ms) [Parameters=[], CommandType='"Text"', CommandTimeout='30']
CREATE TABLE [Persons] (
    [Id] bigint NOT NULL IDENTITY,
    [Name] nvarchar(max) NOT NULL,
    [DisplayName] nvarchar(max) NOT NULL,
    CONSTRAINT [PK_Persons] PRIMARY KEY ([Id])
);
2019-05-09 17:32:53.110 +07:00 [INF] Executed DbCommand (10ms) [Parameters=[], CommandType='"Text"', CommandTimeout='30']
CREATE TABLE [Skills] (
    [Id] bigint NOT NULL IDENTITY,
    [Name] nvarchar(max) NOT NULL,
    [Level] tinyint NOT NULL,
    [PersonId] bigint NOT NULL,
    CONSTRAINT [PK_Skills] PRIMARY KEY ([Id]),
    CONSTRAINT [FK_Skills_Persons_PersonId] FOREIGN KEY ([PersonId]) REFERENCES [Persons] ([Id]) ON DELETE CASCADE
);
2019-05-09 17:32:53.123 +07:00 [INF] Executed DbCommand (9ms) [Parameters=[], CommandType='"Text"', CommandTimeout='30']
CREATE INDEX [IX_Skills_PersonId] ON [Skills] ([PersonId]);
2019-05-09 17:32:53.136 +07:00 [INF] Executed DbCommand (10ms) [Parameters=[], CommandType='"Text"', CommandTimeout='30']
INSERT INTO [__EFMigrationsHistory] ([MigrationId], [ProductVersion])
VALUES (N'20190507101430_ApplicationDbInitialMigration', N'2.2.4-servicing-10062');
2019-05-09 17:32:53.203 +07:00 [INF] Executed DbCommand (14ms) [Parameters=[], CommandType='"Text"', CommandTimeout='30']
SELECT CASE
    WHEN EXISTS (
        SELECT 1
        FROM [Persons] AS [p])
    THEN CAST(1 AS BIT) ELSE CAST(0 AS BIT)
END
2019-05-09 17:32:53.287 +07:00 [INF] Executed DbCommand (15ms) [Parameters=[@p0='?' (Size = 4000), @p1='?' (Size = 4000)], CommandType='"Text"', CommandTimeout='30']
SET NOCOUNT ON;
INSERT INTO [Persons] ([DisplayName], [Name])
VALUES (@p0, @p1);
SELECT [Id]
FROM [Persons]
WHERE @@ROWCOUNT = 1 AND [Id] = scope_identity();
2019-05-09 17:32:53.307 +07:00 [INF] Executed DbCommand (10ms) [Parameters=[@p0='?' (Size = 4000), @p1='?' (Size = 4000)], CommandType='"Text"', CommandTimeout='30']
SET NOCOUNT ON;
INSERT INTO [Persons] ([DisplayName], [Name])
VALUES (@p0, @p1);
SELECT [Id]
FROM [Persons]
WHERE @@ROWCOUNT = 1 AND [Id] = scope_identity();
2019-05-09 17:32:53.323 +07:00 [INF] Executed DbCommand (11ms) [Parameters=[@p0='?' (Size = 1) (DbType = Byte), @p1='?' (Size = 4000), @p2='?' (DbType = Int64)], CommandType='"Text"', CommandTimeout='30']
SET NOCOUNT ON;
INSERT INTO [Skills] ([Level], [Name], [PersonId])
VALUES (@p0, @p1, @p2);
SELECT [Id]
FROM [Skills]
WHERE @@ROWCOUNT = 1 AND [Id] = scope_identity();
2019-05-09 17:32:53.337 +07:00 [INF] Executed DbCommand (10ms) [Parameters=[@p0='?' (Size = 1) (DbType = Byte), @p1='?' (Size = 4000), @p2='?' (DbType = Int64)], CommandType='"Text"', CommandTimeout='30']
SET NOCOUNT ON;
INSERT INTO [Skills] ([Level], [Name], [PersonId])
VALUES (@p0, @p1, @p2);
SELECT [Id]
FROM [Skills]
WHERE @@ROWCOUNT = 1 AND [Id] = scope_identity();
2019-05-09 17:32:53.350 +07:00 [INF] Executed DbCommand (9ms) [Parameters=[@p0='?' (Size = 1) (DbType = Byte), @p1='?' (Size = 4000), @p2='?' (DbType = Int64)], CommandType='"Text"', CommandTimeout='30']
SET NOCOUNT ON;
INSERT INTO [Skills] ([Level], [Name], [PersonId])
VALUES (@p0, @p1, @p2);
SELECT [Id]
FROM [Skills]
WHERE @@ROWCOUNT = 1 AND [Id] = scope_identity();
2019-05-09 17:32:53.360 +07:00 [INF] Seeding successfully completed! (HallOfFame.API)
2019-05-09 17:32:53.424 +07:00 [INF] User profile is available. Using 'C:\Users\evg\AppData\Local\ASP.NET\DataProtection-Keys' as key repository and Windows DPAPI to encrypt keys at rest.
2019-05-09 17:33:05.238 +07:00 [INF] Request starting HTTP/1.1 GET http://localhost:60000/swagger/index.html  
2019-05-09 17:33:05.358 +07:00 [INF] Request finished in 120.6855ms 200 text/html
2019-05-09 17:33:05.749 +07:00 [INF] Request starting HTTP/1.1 GET http://localhost:60000/swagger/v1/swagger.json  
2019-05-09 17:33:05.872 +07:00 [INF] Request finished in 122.7379ms 200 application/json;charset=utf-8
2019-05-09 17:33:22.450 +07:00 [INF] Request starting HTTP/1.1 GET http://localhost:60000/api/v1/persons  
2019-05-09 17:33:22.543 +07:00 [INF] Executing endpoint 'TomskASUProject.HallOfFame.API.Controllers.V1.PersonsController.GetPersonsAsync (HallOfFame.API)'
2019-05-09 17:33:22.562 +07:00 [INF] Route matched with {action = "GetPersonsAsync", controller = "Persons"}. Executing action TomskASUProject.HallOfFame.API.Controllers.V1.PersonsController.GetPersonsAsync (HallOfFame.API)
2019-05-09 17:33:22.628 +07:00 [INF] Executing action method TomskASUProject.HallOfFame.API.Controllers.V1.PersonsController.GetPersonsAsync (HallOfFame.API) - Validation state: "Valid"
2019-05-09 17:33:22.635 +07:00 [INF] Entity Framework Core 2.2.4-servicing-10062 initialized 'ApplicationDbContext' using provider 'Microsoft.EntityFrameworkCore.SqlServer' with options: MigrationsAssembly=HallOfFame.API 
2019-05-09 17:33:22.724 +07:00 [INF] Executed DbCommand (49ms) [Parameters=[], CommandType='"Text"', CommandTimeout='30']
SELECT [p].[Id], [p].[DisplayName], [p].[Name]
FROM [Persons] AS [p]
2019-05-09 17:33:22.745 +07:00 [INF] Executed action method TomskASUProject.HallOfFame.API.Controllers.V1.PersonsController.GetPersonsAsync (HallOfFame.API), returned result Microsoft.AspNetCore.Mvc.OkObjectResult in 110.70270000000001ms.
2019-05-09 17:33:22.764 +07:00 [INF] Executing ObjectResult, writing value of type 'System.Linq.Enumerable+SelectListIterator`2[[TomskASUProject.HallOfFame.API.Models.Person, HallOfFame.API, Version=1.0.0.0, Culture=neutral, PublicKeyToken=null],[TomskASUProject.HallOfFame.API.DTOs.PersonResponseDTO, HallOfFame.API, Version=1.0.0.0, Culture=neutral, PublicKeyToken=null]]'.
2019-05-09 17:33:22.777 +07:00 [INF] Executed action TomskASUProject.HallOfFame.API.Controllers.V1.PersonsController.GetPersonsAsync (HallOfFame.API) in 211.779ms
2019-05-09 17:33:22.780 +07:00 [INF] Executed endpoint 'TomskASUProject.HallOfFame.API.Controllers.V1.PersonsController.GetPersonsAsync (HallOfFame.API)'
2019-05-09 17:33:22.785 +07:00 [INF] Request finished in 335.3524ms 200 application/json; charset=utf-8
2019-05-09 17:33:30.685 +07:00 [INF] Request starting HTTP/1.1 GET http://localhost:60000/api/v1/person/1  
2019-05-09 17:33:30.688 +07:00 [INF] Executing endpoint 'TomskASUProject.HallOfFame.API.Controllers.V1.PersonsController.GetPersonAsync (HallOfFame.API)'
2019-05-09 17:33:30.700 +07:00 [INF] Route matched with {action = "GetPersonAsync", controller = "Persons"}. Executing action TomskASUProject.HallOfFame.API.Controllers.V1.PersonsController.GetPersonAsync (HallOfFame.API)
2019-05-09 17:33:30.730 +07:00 [INF] Executing action method TomskASUProject.HallOfFame.API.Controllers.V1.PersonsController.GetPersonAsync (HallOfFame.API) with arguments (["1"]) - Validation state: "Valid"
2019-05-09 17:33:30.747 +07:00 [INF] Entity Framework Core 2.2.4-servicing-10062 initialized 'ApplicationDbContext' using provider 'Microsoft.EntityFrameworkCore.SqlServer' with options: MigrationsAssembly=HallOfFame.API 
2019-05-09 17:33:30.840 +07:00 [INF] Executed DbCommand (44ms) [Parameters=[@__id_0='?' (DbType = Int64)], CommandType='"Text"', CommandTimeout='30']
SELECT TOP(2) [e].[Id], [e].[DisplayName], [e].[Name]
FROM [Persons] AS [e]
WHERE [e].[Id] = @__id_0
ORDER BY [e].[Id]
2019-05-09 17:33:30.893 +07:00 [INF] Executed DbCommand (36ms) [Parameters=[@__id_0='?' (DbType = Int64)], CommandType='"Text"', CommandTimeout='30']
SELECT [e.Skills].[Id], [e.Skills].[Level], [e.Skills].[Name], [e.Skills].[PersonId]
FROM [Skills] AS [e.Skills]
INNER JOIN (
    SELECT TOP(1) [e0].[Id]
    FROM [Persons] AS [e0]
    WHERE [e0].[Id] = @__id_0
    ORDER BY [e0].[Id]
) AS [t] ON [e.Skills].[PersonId] = [t].[Id]
ORDER BY [t].[Id]
2019-05-09 17:33:30.907 +07:00 [INF] Executed action method TomskASUProject.HallOfFame.API.Controllers.V1.PersonsController.GetPersonAsync (HallOfFame.API), returned result Microsoft.AspNetCore.Mvc.OkObjectResult in 162.1491ms.
2019-05-09 17:33:30.909 +07:00 [INF] Executing ObjectResult, writing value of type 'TomskASUProject.HallOfFame.API.DTOs.PersonResponseDTO'.
2019-05-09 17:33:30.911 +07:00 [INF] Executed action TomskASUProject.HallOfFame.API.Controllers.V1.PersonsController.GetPersonAsync (HallOfFame.API) in 209.0019ms
2019-05-09 17:33:30.915 +07:00 [INF] Executed endpoint 'TomskASUProject.HallOfFame.API.Controllers.V1.PersonsController.GetPersonAsync (HallOfFame.API)'
2019-05-09 17:33:30.918 +07:00 [INF] Request finished in 232.9218ms 200 application/json; charset=utf-8
2019-05-09 17:33:36.669 +07:00 [INF] Request starting HTTP/1.1 POST http://localhost:60000/api/v1/person/1 application/json-patch+json 121
2019-05-09 17:33:36.671 +07:00 [INF] Executing endpoint 'TomskASUProject.HallOfFame.API.Controllers.V1.PersonsController.UpdatePersonAsync (HallOfFame.API)'
2019-05-09 17:33:36.676 +07:00 [INF] Route matched with {action = "UpdatePersonAsync", controller = "Persons"}. Executing action TomskASUProject.HallOfFame.API.Controllers.V1.PersonsController.UpdatePersonAsync (HallOfFame.API)
2019-05-09 17:33:36.716 +07:00 [INF] Executing action method TomskASUProject.HallOfFame.API.Controllers.V1.PersonsController.UpdatePersonAsync (HallOfFame.API) with arguments (["TomskASUProject.HallOfFame.API.DTOs.PersonDTO","1"]) - Validation state: "Valid"
2019-05-09 17:33:36.721 +07:00 [INF] Entity Framework Core 2.2.4-servicing-10062 initialized 'ApplicationDbContext' using provider 'Microsoft.EntityFrameworkCore.SqlServer' with options: MigrationsAssembly=HallOfFame.API 
2019-05-09 17:33:36.750 +07:00 [INF] Executed DbCommand (26ms) [Parameters=[@__id_0='?' (DbType = Int64)], CommandType='"Text"', CommandTimeout='30']
SELECT TOP(2) [e].[Id], [e].[DisplayName], [e].[Name]
FROM [Persons] AS [e]
WHERE [e].[Id] = @__id_0
ORDER BY [e].[Id]
2019-05-09 17:33:36.780 +07:00 [INF] Executed DbCommand (24ms) [Parameters=[@__id_0='?' (DbType = Int64)], CommandType='"Text"', CommandTimeout='30']
SELECT [e.Skills].[Id], [e.Skills].[Level], [e.Skills].[Name], [e.Skills].[PersonId]
FROM [Skills] AS [e.Skills]
INNER JOIN (
    SELECT TOP(1) [e0].[Id]
    FROM [Persons] AS [e0]
    WHERE [e0].[Id] = @__id_0
    ORDER BY [e0].[Id]
) AS [t] ON [e.Skills].[PersonId] = [t].[Id]
ORDER BY [t].[Id]
2019-05-09 17:33:36.843 +07:00 [INF] Executed DbCommand (47ms) [Parameters=[@p2='?' (DbType = Int64), @p0='?' (Size = 4000), @p1='?' (Size = 4000), @p3='?' (DbType = Int64), @p4='?' (DbType = Int64), @p5='?' (Size = 1) (DbType = Byte), @p6='?' (Size = 4000), @p7='?' (DbType = Int64)], CommandType='"Text"', CommandTimeout='30']
SET NOCOUNT ON;
UPDATE [Persons] SET [DisplayName] = @p0, [Name] = @p1
WHERE [Id] = @p2;
SELECT @@ROWCOUNT;

DELETE FROM [Skills]
WHERE [Id] = @p3;
SELECT @@ROWCOUNT;

DELETE FROM [Skills]
WHERE [Id] = @p4;
SELECT @@ROWCOUNT;

INSERT INTO [Skills] ([Level], [Name], [PersonId])
VALUES (@p5, @p6, @p7);
SELECT [Id]
FROM [Skills]
WHERE @@ROWCOUNT = 1 AND [Id] = scope_identity();
2019-05-09 17:33:36.857 +07:00 [INF] Executed action method TomskASUProject.HallOfFame.API.Controllers.V1.PersonsController.UpdatePersonAsync (HallOfFame.API), returned result Microsoft.AspNetCore.Mvc.OkObjectResult in 137.5696ms.
2019-05-09 17:33:36.860 +07:00 [INF] Executing ObjectResult, writing value of type 'TomskASUProject.HallOfFame.API.DTOs.PersonResponseDTO'.
2019-05-09 17:33:36.861 +07:00 [INF] Executed action TomskASUProject.HallOfFame.API.Controllers.V1.PersonsController.UpdatePersonAsync (HallOfFame.API) in 182.87140000000002ms
2019-05-09 17:33:36.864 +07:00 [INF] Executed endpoint 'TomskASUProject.HallOfFame.API.Controllers.V1.PersonsController.UpdatePersonAsync (HallOfFame.API)'
2019-05-09 17:33:36.867 +07:00 [INF] Request finished in 197.8009ms 200 application/json; charset=utf-8
2019-05-09 17:33:45.324 +07:00 [INF] Request starting HTTP/1.1 GET http://localhost:60000/api/v1/person/1  
2019-05-09 17:33:45.326 +07:00 [INF] Executing endpoint 'TomskASUProject.HallOfFame.API.Controllers.V1.PersonsController.GetPersonAsync (HallOfFame.API)'
2019-05-09 17:33:45.327 +07:00 [INF] Route matched with {action = "GetPersonAsync", controller = "Persons"}. Executing action TomskASUProject.HallOfFame.API.Controllers.V1.PersonsController.GetPersonAsync (HallOfFame.API)
2019-05-09 17:33:45.346 +07:00 [INF] Executing action method TomskASUProject.HallOfFame.API.Controllers.V1.PersonsController.GetPersonAsync (HallOfFame.API) with arguments (["1"]) - Validation state: "Valid"
2019-05-09 17:33:45.349 +07:00 [INF] Entity Framework Core 2.2.4-servicing-10062 initialized 'ApplicationDbContext' using provider 'Microsoft.EntityFrameworkCore.SqlServer' with options: MigrationsAssembly=HallOfFame.API 
2019-05-09 17:33:45.391 +07:00 [INF] Executed DbCommand (24ms) [Parameters=[@__id_0='?' (DbType = Int64)], CommandType='"Text"', CommandTimeout='30']
SELECT TOP(2) [e].[Id], [e].[DisplayName], [e].[Name]
FROM [Persons] AS [e]
WHERE [e].[Id] = @__id_0
ORDER BY [e].[Id]
2019-05-09 17:33:45.414 +07:00 [INF] Executed DbCommand (18ms) [Parameters=[@__id_0='?' (DbType = Int64)], CommandType='"Text"', CommandTimeout='30']
SELECT [e.Skills].[Id], [e.Skills].[Level], [e.Skills].[Name], [e.Skills].[PersonId]
FROM [Skills] AS [e.Skills]
INNER JOIN (
    SELECT TOP(1) [e0].[Id]
    FROM [Persons] AS [e0]
    WHERE [e0].[Id] = @__id_0
    ORDER BY [e0].[Id]
) AS [t] ON [e.Skills].[PersonId] = [t].[Id]
ORDER BY [t].[Id]
2019-05-09 17:33:45.420 +07:00 [INF] Executed action method TomskASUProject.HallOfFame.API.Controllers.V1.PersonsController.GetPersonAsync (HallOfFame.API), returned result Microsoft.AspNetCore.Mvc.OkObjectResult in 71.33120000000001ms.
2019-05-09 17:33:45.422 +07:00 [INF] Executing ObjectResult, writing value of type 'TomskASUProject.HallOfFame.API.DTOs.PersonResponseDTO'.
2019-05-09 17:33:45.424 +07:00 [INF] Executed action TomskASUProject.HallOfFame.API.Controllers.V1.PersonsController.GetPersonAsync (HallOfFame.API) in 95.5279ms
2019-05-09 17:33:45.427 +07:00 [INF] Executed endpoint 'TomskASUProject.HallOfFame.API.Controllers.V1.PersonsController.GetPersonAsync (HallOfFame.API)'
2019-05-09 17:33:45.428 +07:00 [INF] Request finished in 104.4475ms 200 application/json; charset=utf-8
2019-05-09 17:33:55.274 +07:00 [INF] Request starting HTTP/1.1 DELETE http://localhost:60000/api/v1/person/1  
2019-05-09 17:33:55.275 +07:00 [INF] Executing endpoint 'TomskASUProject.HallOfFame.API.Controllers.V1.PersonsController.DeletePersonAsync (HallOfFame.API)'
2019-05-09 17:33:55.279 +07:00 [INF] Route matched with {action = "DeletePersonAsync", controller = "Persons"}. Executing action TomskASUProject.HallOfFame.API.Controllers.V1.PersonsController.DeletePersonAsync (HallOfFame.API)
2019-05-09 17:33:55.299 +07:00 [INF] Executing action method TomskASUProject.HallOfFame.API.Controllers.V1.PersonsController.DeletePersonAsync (HallOfFame.API) with arguments (["1"]) - Validation state: "Valid"
2019-05-09 17:33:55.303 +07:00 [INF] Entity Framework Core 2.2.4-servicing-10062 initialized 'ApplicationDbContext' using provider 'Microsoft.EntityFrameworkCore.SqlServer' with options: MigrationsAssembly=HallOfFame.API 
2019-05-09 17:33:55.332 +07:00 [INF] Executed DbCommand (27ms) [Parameters=[@__id_0='?' (DbType = Int64)], CommandType='"Text"', CommandTimeout='30']
SELECT TOP(2) [e].[Id], [e].[DisplayName], [e].[Name]
FROM [Persons] AS [e]
WHERE [e].[Id] = @__id_0
ORDER BY [e].[Id]
2019-05-09 17:33:55.355 +07:00 [INF] Executed DbCommand (18ms) [Parameters=[@__id_0='?' (DbType = Int64)], CommandType='"Text"', CommandTimeout='30']
SELECT [e.Skills].[Id], [e.Skills].[Level], [e.Skills].[Name], [e.Skills].[PersonId]
FROM [Skills] AS [e.Skills]
INNER JOIN (
    SELECT TOP(1) [e0].[Id]
    FROM [Persons] AS [e0]
    WHERE [e0].[Id] = @__id_0
    ORDER BY [e0].[Id]
) AS [t] ON [e.Skills].[PersonId] = [t].[Id]
ORDER BY [t].[Id]
2019-05-09 17:33:55.397 +07:00 [INF] Executed DbCommand (34ms) [Parameters=[@p0='?' (DbType = Int64)], CommandType='"Text"', CommandTimeout='30']
SET NOCOUNT ON;
DELETE FROM [Skills]
WHERE [Id] = @p0;
SELECT @@ROWCOUNT;
2019-05-09 17:33:55.420 +07:00 [INF] Executed DbCommand (17ms) [Parameters=[@p1='?' (DbType = Int64)], CommandType='"Text"', CommandTimeout='30']
SET NOCOUNT ON;
DELETE FROM [Persons]
WHERE [Id] = @p1;
SELECT @@ROWCOUNT;
2019-05-09 17:33:55.424 +07:00 [INF] Executed action method TomskASUProject.HallOfFame.API.Controllers.V1.PersonsController.DeletePersonAsync (HallOfFame.API), returned result Microsoft.AspNetCore.Mvc.OkObjectResult in 122.2754ms.
2019-05-09 17:33:55.428 +07:00 [INF] Executing ObjectResult, writing value of type 'TomskASUProject.HallOfFame.API.DTOs.PersonResponseDTO'.
2019-05-09 17:33:55.429 +07:00 [INF] Executed action TomskASUProject.HallOfFame.API.Controllers.V1.PersonsController.DeletePersonAsync (HallOfFame.API) in 147.1211ms
2019-05-09 17:33:55.432 +07:00 [INF] Executed endpoint 'TomskASUProject.HallOfFame.API.Controllers.V1.PersonsController.DeletePersonAsync (HallOfFame.API)'
2019-05-09 17:33:55.434 +07:00 [INF] Request finished in 160.5426ms 200 application/json; charset=utf-8
2019-05-09 17:34:04.968 +07:00 [INF] Request starting HTTP/1.1 PUT http://localhost:60000/api/v1/person application/json-patch+json 201
2019-05-09 17:34:04.970 +07:00 [INF] Executing endpoint 'TomskASUProject.HallOfFame.API.Controllers.V1.PersonsController.CreatePersonAsync (HallOfFame.API)'
2019-05-09 17:34:04.975 +07:00 [INF] Route matched with {action = "CreatePersonAsync", controller = "Persons"}. Executing action TomskASUProject.HallOfFame.API.Controllers.V1.PersonsController.CreatePersonAsync (HallOfFame.API)
2019-05-09 17:34:04.995 +07:00 [INF] Executing action method TomskASUProject.HallOfFame.API.Controllers.V1.PersonsController.CreatePersonAsync (HallOfFame.API) with arguments (["TomskASUProject.HallOfFame.API.DTOs.PersonDTO"]) - Validation state: "Valid"
2019-05-09 17:34:05.000 +07:00 [INF] Entity Framework Core 2.2.4-servicing-10062 initialized 'ApplicationDbContext' using provider 'Microsoft.EntityFrameworkCore.SqlServer' with options: MigrationsAssembly=HallOfFame.API 
2019-05-09 17:34:05.030 +07:00 [INF] Executed DbCommand (26ms) [Parameters=[@p0='?' (Size = 4000), @p1='?' (Size = 4000)], CommandType='"Text"', CommandTimeout='30']
SET NOCOUNT ON;
INSERT INTO [Persons] ([DisplayName], [Name])
VALUES (@p0, @p1);
SELECT [Id]
FROM [Persons]
WHERE @@ROWCOUNT = 1 AND [Id] = scope_identity();
2019-05-09 17:34:05.050 +07:00 [INF] Executed DbCommand (14ms) [Parameters=[@p0='?' (Size = 1) (DbType = Byte), @p1='?' (Size = 4000), @p2='?' (DbType = Int64)], CommandType='"Text"', CommandTimeout='30']
SET NOCOUNT ON;
INSERT INTO [Skills] ([Level], [Name], [PersonId])
VALUES (@p0, @p1, @p2);
SELECT [Id]
FROM [Skills]
WHERE @@ROWCOUNT = 1 AND [Id] = scope_identity();
2019-05-09 17:34:05.068 +07:00 [INF] Executed DbCommand (14ms) [Parameters=[@p0='?' (Size = 1) (DbType = Byte), @p1='?' (Size = 4000), @p2='?' (DbType = Int64)], CommandType='"Text"', CommandTimeout='30']
SET NOCOUNT ON;
INSERT INTO [Skills] ([Level], [Name], [PersonId])
VALUES (@p0, @p1, @p2);
SELECT [Id]
FROM [Skills]
WHERE @@ROWCOUNT = 1 AND [Id] = scope_identity();
2019-05-09 17:34:05.075 +07:00 [INF] Executed action method TomskASUProject.HallOfFame.API.Controllers.V1.PersonsController.CreatePersonAsync (HallOfFame.API), returned result Microsoft.AspNetCore.Mvc.OkObjectResult in 77.1367ms.
2019-05-09 17:34:05.077 +07:00 [INF] Executing ObjectResult, writing value of type 'TomskASUProject.HallOfFame.API.DTOs.PersonResponseDTO'.
2019-05-09 17:34:05.079 +07:00 [INF] Executed action TomskASUProject.HallOfFame.API.Controllers.V1.PersonsController.CreatePersonAsync (HallOfFame.API) in 101.67710000000001ms
2019-05-09 17:34:05.082 +07:00 [INF] Executed endpoint 'TomskASUProject.HallOfFame.API.Controllers.V1.PersonsController.CreatePersonAsync (HallOfFame.API)'
2019-05-09 17:34:05.085 +07:00 [INF] Request finished in 116.4051ms 200 application/json; charset=utf-8
2019-05-09 17:34:17.296 +07:00 [INF] Request starting HTTP/1.1 GET http://localhost:60000/api/v1/persons  
2019-05-09 17:34:17.297 +07:00 [INF] Executing endpoint 'TomskASUProject.HallOfFame.API.Controllers.V1.PersonsController.GetPersonsAsync (HallOfFame.API)'
2019-05-09 17:34:17.299 +07:00 [INF] Route matched with {action = "GetPersonsAsync", controller = "Persons"}. Executing action TomskASUProject.HallOfFame.API.Controllers.V1.PersonsController.GetPersonsAsync (HallOfFame.API)
2019-05-09 17:34:17.319 +07:00 [INF] Executing action method TomskASUProject.HallOfFame.API.Controllers.V1.PersonsController.GetPersonsAsync (HallOfFame.API) - Validation state: "Valid"
2019-05-09 17:34:17.321 +07:00 [INF] Entity Framework Core 2.2.4-servicing-10062 initialized 'ApplicationDbContext' using provider 'Microsoft.EntityFrameworkCore.SqlServer' with options: MigrationsAssembly=HallOfFame.API 
2019-05-09 17:34:17.346 +07:00 [INF] Executed DbCommand (22ms) [Parameters=[], CommandType='"Text"', CommandTimeout='30']
SELECT [p].[Id], [p].[DisplayName], [p].[Name]
FROM [Persons] AS [p]
2019-05-09 17:34:17.351 +07:00 [INF] Executed action method TomskASUProject.HallOfFame.API.Controllers.V1.PersonsController.GetPersonsAsync (HallOfFame.API), returned result Microsoft.AspNetCore.Mvc.OkObjectResult in 29.5925ms.
2019-05-09 17:34:17.353 +07:00 [INF] Executing ObjectResult, writing value of type 'System.Linq.Enumerable+SelectListIterator`2[[TomskASUProject.HallOfFame.API.Models.Person, HallOfFame.API, Version=1.0.0.0, Culture=neutral, PublicKeyToken=null],[TomskASUProject.HallOfFame.API.DTOs.PersonResponseDTO, HallOfFame.API, Version=1.0.0.0, Culture=neutral, PublicKeyToken=null]]'.
2019-05-09 17:34:17.355 +07:00 [INF] Executed action TomskASUProject.HallOfFame.API.Controllers.V1.PersonsController.GetPersonsAsync (HallOfFame.API) in 52.8633ms
2019-05-09 17:34:17.357 +07:00 [INF] Executed endpoint 'TomskASUProject.HallOfFame.API.Controllers.V1.PersonsController.GetPersonsAsync (HallOfFame.API)'
2019-05-09 17:34:17.359 +07:00 [INF] Request finished in 63.1572ms 200 application/json; charset=utf-8
2019-05-09 17:35:07.965 +07:00 [INF] Starting webhost HallOfFame.API
2019-05-09 17:35:07.993 +07:00 [INF] SeedData setting is true. Seeding...
2019-05-09 17:35:08.299 +07:00 [INF] Entity Framework Core 2.2.4-servicing-10062 initialized 'ApplicationDbContext' using provider 'Microsoft.EntityFrameworkCore.SqlServer' with options: MigrationsAssembly=HallOfFame.API 
2019-05-09 17:35:08.460 +07:00 [INF] Executed DbCommand (42ms) [Parameters=[], CommandType='"Text"', CommandTimeout='30']
SELECT OBJECT_ID(N'[__EFMigrationsHistory]');
2019-05-09 17:35:08.478 +07:00 [INF] Executed DbCommand (10ms) [Parameters=[], CommandType='"Text"', CommandTimeout='30']
SELECT OBJECT_ID(N'[__EFMigrationsHistory]');
2019-05-09 17:35:08.495 +07:00 [INF] Executed DbCommand (12ms) [Parameters=[], CommandType='"Text"', CommandTimeout='30']
SELECT [MigrationId], [ProductVersion]
FROM [__EFMigrationsHistory]
ORDER BY [MigrationId];
2019-05-09 17:35:08.502 +07:00 [INF] No migrations were applied. The database is already up to date.
2019-05-09 17:35:08.596 +07:00 [INF] Executed DbCommand (13ms) [Parameters=[], CommandType='"Text"', CommandTimeout='30']
SELECT CASE
    WHEN EXISTS (
        SELECT 1
        FROM [Persons] AS [p])
    THEN CAST(1 AS BIT) ELSE CAST(0 AS BIT)
END
2019-05-09 17:35:08.605 +07:00 [WRN] Database context is already set up and has demo data. Change SeedData to false in appsettings.json (HallOfFame.API)
2019-05-09 17:35:08.609 +07:00 [INF] Seeding successfully completed! (HallOfFame.API)
2019-05-09 17:35:08.678 +07:00 [INF] User profile is available. Using 'C:\Users\evg\AppData\Local\ASP.NET\DataProtection-Keys' as key repository and Windows DPAPI to encrypt keys at rest.
2019-05-09 17:35:25.935 +07:00 [INF] Starting webhost HallOfFame.API
2019-05-09 17:35:25.962 +07:00 [INF] SeedData setting is true. Seeding...
2019-05-09 17:35:26.268 +07:00 [INF] Entity Framework Core 2.2.4-servicing-10062 initialized 'ApplicationDbContext' using provider 'Microsoft.EntityFrameworkCore.SqlServer' with options: MigrationsAssembly=HallOfFame.API 
2019-05-09 17:35:36.610 +07:00 [INF] Executed DbCommand (159ms) [Parameters=[], CommandType='"Text"', CommandTimeout='60']
CREATE DATABASE [TomskASUProject.HallOfFame];
2019-05-09 17:35:36.657 +07:00 [INF] Executed DbCommand (39ms) [Parameters=[], CommandType='"Text"', CommandTimeout='60']
IF SERVERPROPERTY('EngineEdition') <> 5
BEGIN
    ALTER DATABASE [TomskASUProject.HallOfFame] SET READ_COMMITTED_SNAPSHOT ON;
END;
2019-05-09 17:35:36.704 +07:00 [INF] Executed DbCommand (13ms) [Parameters=[], CommandType='"Text"', CommandTimeout='30']
CREATE TABLE [__EFMigrationsHistory] (
    [MigrationId] nvarchar(150) NOT NULL,
    [ProductVersion] nvarchar(32) NOT NULL,
    CONSTRAINT [PK___EFMigrationsHistory] PRIMARY KEY ([MigrationId])
);
2019-05-09 17:35:36.730 +07:00 [INF] Executed DbCommand (23ms) [Parameters=[], CommandType='"Text"', CommandTimeout='30']
SELECT OBJECT_ID(N'[__EFMigrationsHistory]');
2019-05-09 17:35:36.744 +07:00 [INF] Executed DbCommand (11ms) [Parameters=[], CommandType='"Text"', CommandTimeout='30']
SELECT [MigrationId], [ProductVersion]
FROM [__EFMigrationsHistory]
ORDER BY [MigrationId];
2019-05-09 17:35:36.751 +07:00 [INF] Applying migration '20190507101430_ApplicationDbInitialMigration'.
2019-05-09 17:35:36.771 +07:00 [INF] Executed DbCommand (9ms) [Parameters=[], CommandType='"Text"', CommandTimeout='30']
CREATE TABLE [Persons] (
    [Id] bigint NOT NULL IDENTITY,
    [Name] nvarchar(max) NOT NULL,
    [DisplayName] nvarchar(max) NOT NULL,
    CONSTRAINT [PK_Persons] PRIMARY KEY ([Id])
);
2019-05-09 17:35:36.784 +07:00 [INF] Executed DbCommand (10ms) [Parameters=[], CommandType='"Text"', CommandTimeout='30']
CREATE TABLE [Skills] (
    [Id] bigint NOT NULL IDENTITY,
    [Name] nvarchar(max) NOT NULL,
    [Level] tinyint NOT NULL,
    [PersonId] bigint NOT NULL,
    CONSTRAINT [PK_Skills] PRIMARY KEY ([Id]),
    CONSTRAINT [FK_Skills_Persons_PersonId] FOREIGN KEY ([PersonId]) REFERENCES [Persons] ([Id]) ON DELETE CASCADE
);
2019-05-09 17:35:36.796 +07:00 [INF] Executed DbCommand (9ms) [Parameters=[], CommandType='"Text"', CommandTimeout='30']
CREATE INDEX [IX_Skills_PersonId] ON [Skills] ([PersonId]);
2019-05-09 17:35:36.808 +07:00 [INF] Executed DbCommand (9ms) [Parameters=[], CommandType='"Text"', CommandTimeout='30']
INSERT INTO [__EFMigrationsHistory] ([MigrationId], [ProductVersion])
VALUES (N'20190507101430_ApplicationDbInitialMigration', N'2.2.4-servicing-10062');
2019-05-09 17:35:36.874 +07:00 [INF] Executed DbCommand (13ms) [Parameters=[], CommandType='"Text"', CommandTimeout='30']
SELECT CASE
    WHEN EXISTS (
        SELECT 1
        FROM [Persons] AS [p])
    THEN CAST(1 AS BIT) ELSE CAST(0 AS BIT)
END
2019-05-09 17:35:36.955 +07:00 [INF] Executed DbCommand (14ms) [Parameters=[@p0='?' (Size = 4000), @p1='?' (Size = 4000)], CommandType='"Text"', CommandTimeout='30']
SET NOCOUNT ON;
INSERT INTO [Persons] ([DisplayName], [Name])
VALUES (@p0, @p1);
SELECT [Id]
FROM [Persons]
WHERE @@ROWCOUNT = 1 AND [Id] = scope_identity();
2019-05-09 17:35:36.974 +07:00 [INF] Executed DbCommand (10ms) [Parameters=[@p0='?' (Size = 4000), @p1='?' (Size = 4000)], CommandType='"Text"', CommandTimeout='30']
SET NOCOUNT ON;
INSERT INTO [Persons] ([DisplayName], [Name])
VALUES (@p0, @p1);
SELECT [Id]
FROM [Persons]
WHERE @@ROWCOUNT = 1 AND [Id] = scope_identity();
2019-05-09 17:35:36.989 +07:00 [INF] Executed DbCommand (10ms) [Parameters=[@p0='?' (Size = 1) (DbType = Byte), @p1='?' (Size = 4000), @p2='?' (DbType = Int64)], CommandType='"Text"', CommandTimeout='30']
SET NOCOUNT ON;
INSERT INTO [Skills] ([Level], [Name], [PersonId])
VALUES (@p0, @p1, @p2);
SELECT [Id]
FROM [Skills]
WHERE @@ROWCOUNT = 1 AND [Id] = scope_identity();
2019-05-09 17:35:37.005 +07:00 [INF] Executed DbCommand (10ms) [Parameters=[@p0='?' (Size = 1) (DbType = Byte), @p1='?' (Size = 4000), @p2='?' (DbType = Int64)], CommandType='"Text"', CommandTimeout='30']
SET NOCOUNT ON;
INSERT INTO [Skills] ([Level], [Name], [PersonId])
VALUES (@p0, @p1, @p2);
SELECT [Id]
FROM [Skills]
WHERE @@ROWCOUNT = 1 AND [Id] = scope_identity();
2019-05-09 17:35:37.019 +07:00 [INF] Executed DbCommand (11ms) [Parameters=[@p0='?' (Size = 1) (DbType = Byte), @p1='?' (Size = 4000), @p2='?' (DbType = Int64)], CommandType='"Text"', CommandTimeout='30']
SET NOCOUNT ON;
INSERT INTO [Skills] ([Level], [Name], [PersonId])
VALUES (@p0, @p1, @p2);
SELECT [Id]
FROM [Skills]
WHERE @@ROWCOUNT = 1 AND [Id] = scope_identity();
2019-05-09 17:35:37.029 +07:00 [INF] Seeding successfully completed! (HallOfFame.API)
2019-05-09 17:35:37.095 +07:00 [INF] User profile is available. Using 'C:\Users\evg\AppData\Local\ASP.NET\DataProtection-Keys' as key repository and Windows DPAPI to encrypt keys at rest.
2019-05-09 17:35:39.754 +07:00 [INF] Request starting HTTP/1.1 GET http://localhost:60000/swagger/index.html  
2019-05-09 17:35:39.849 +07:00 [INF] Request finished in 95.0807ms 200 text/html
2019-05-09 17:35:40.025 +07:00 [INF] Request starting HTTP/1.1 GET http://localhost:60000/swagger/v1/swagger.json  
2019-05-09 17:35:40.145 +07:00 [INF] Request finished in 120.879ms 200 application/json;charset=utf-8
2019-05-09 17:35:42.929 +07:00 [INF] Request starting HTTP/1.1 GET http://localhost:60000/api/v1/persons  
2019-05-09 17:35:42.970 +07:00 [INF] Executing endpoint 'TomskASUProject.HallOfFame.API.Controllers.V1.PersonsController.GetPersonsAsync (HallOfFame.API)'
2019-05-09 17:35:42.988 +07:00 [INF] Route matched with {action = "GetPersonsAsync", controller = "Persons"}. Executing action TomskASUProject.HallOfFame.API.Controllers.V1.PersonsController.GetPersonsAsync (HallOfFame.API)
2019-05-09 17:35:43.046 +07:00 [INF] Executing action method TomskASUProject.HallOfFame.API.Controllers.V1.PersonsController.GetPersonsAsync (HallOfFame.API) - Validation state: "Valid"
2019-05-09 17:35:43.052 +07:00 [INF] Entity Framework Core 2.2.4-servicing-10062 initialized 'ApplicationDbContext' using provider 'Microsoft.EntityFrameworkCore.SqlServer' with options: MigrationsAssembly=HallOfFame.API 
2019-05-09 17:35:43.142 +07:00 [INF] Executed DbCommand (46ms) [Parameters=[], CommandType='"Text"', CommandTimeout='30']
SELECT [p].[Id], [p].[DisplayName], [p].[Name]
FROM [Persons] AS [p]
2019-05-09 17:35:43.163 +07:00 [INF] Executed action method TomskASUProject.HallOfFame.API.Controllers.V1.PersonsController.GetPersonsAsync (HallOfFame.API), returned result Microsoft.AspNetCore.Mvc.OkObjectResult in 112.3635ms.
2019-05-09 17:35:43.176 +07:00 [INF] Executing ObjectResult, writing value of type 'System.Linq.Enumerable+SelectListIterator`2[[TomskASUProject.HallOfFame.API.Models.Person, HallOfFame.API, Version=1.0.0.0, Culture=neutral, PublicKeyToken=null],[TomskASUProject.HallOfFame.API.DTOs.PersonResponseDTO, HallOfFame.API, Version=1.0.0.0, Culture=neutral, PublicKeyToken=null]]'.
2019-05-09 17:35:43.189 +07:00 [INF] Executed action TomskASUProject.HallOfFame.API.Controllers.V1.PersonsController.GetPersonsAsync (HallOfFame.API) in 196.81130000000002ms
2019-05-09 17:35:43.192 +07:00 [INF] Executed endpoint 'TomskASUProject.HallOfFame.API.Controllers.V1.PersonsController.GetPersonsAsync (HallOfFame.API)'
2019-05-09 17:35:43.197 +07:00 [INF] Request finished in 267.9326ms 200 application/json; charset=utf-8
2019-05-09 17:35:48.893 +07:00 [INF] Request starting HTTP/1.1 GET http://localhost:60000/api/v1/person/1  
2019-05-09 17:35:48.896 +07:00 [INF] Executing endpoint 'TomskASUProject.HallOfFame.API.Controllers.V1.PersonsController.GetPersonAsync (HallOfFame.API)'
2019-05-09 17:35:48.908 +07:00 [INF] Route matched with {action = "GetPersonAsync", controller = "Persons"}. Executing action TomskASUProject.HallOfFame.API.Controllers.V1.PersonsController.GetPersonAsync (HallOfFame.API)
2019-05-09 17:35:48.942 +07:00 [INF] Executing action method TomskASUProject.HallOfFame.API.Controllers.V1.PersonsController.GetPersonAsync (HallOfFame.API) with arguments (["1"]) - Validation state: "Valid"
2019-05-09 17:35:48.959 +07:00 [INF] Entity Framework Core 2.2.4-servicing-10062 initialized 'ApplicationDbContext' using provider 'Microsoft.EntityFrameworkCore.SqlServer' with options: MigrationsAssembly=HallOfFame.API 
2019-05-09 17:35:49.051 +07:00 [INF] Executed DbCommand (41ms) [Parameters=[@__id_0='?' (DbType = Int64)], CommandType='"Text"', CommandTimeout='30']
SELECT TOP(2) [e].[Id], [e].[DisplayName], [e].[Name]
FROM [Persons] AS [e]
WHERE [e].[Id] = @__id_0
ORDER BY [e].[Id]
2019-05-09 17:35:49.105 +07:00 [INF] Executed DbCommand (37ms) [Parameters=[@__id_0='?' (DbType = Int64)], CommandType='"Text"', CommandTimeout='30']
SELECT [e.Skills].[Id], [e.Skills].[Level], [e.Skills].[Name], [e.Skills].[PersonId]
FROM [Skills] AS [e.Skills]
INNER JOIN (
    SELECT TOP(1) [e0].[Id]
    FROM [Persons] AS [e0]
    WHERE [e0].[Id] = @__id_0
    ORDER BY [e0].[Id]
) AS [t] ON [e.Skills].[PersonId] = [t].[Id]
ORDER BY [t].[Id]
2019-05-09 17:35:49.118 +07:00 [INF] Executed action method TomskASUProject.HallOfFame.API.Controllers.V1.PersonsController.GetPersonAsync (HallOfFame.API), returned result Microsoft.AspNetCore.Mvc.OkObjectResult in 160.9186ms.
2019-05-09 17:35:49.120 +07:00 [INF] Executing ObjectResult, writing value of type 'TomskASUProject.HallOfFame.API.DTOs.PersonResponseDTO'.
2019-05-09 17:35:49.123 +07:00 [INF] Executed action TomskASUProject.HallOfFame.API.Controllers.V1.PersonsController.GetPersonAsync (HallOfFame.API) in 211.732ms
2019-05-09 17:35:49.125 +07:00 [INF] Executed endpoint 'TomskASUProject.HallOfFame.API.Controllers.V1.PersonsController.GetPersonAsync (HallOfFame.API)'
2019-05-09 17:35:49.127 +07:00 [INF] Request finished in 234.223ms 200 application/json; charset=utf-8
2019-05-09 17:35:53.595 +07:00 [INF] Request starting HTTP/1.1 POST http://localhost:60000/api/v1/person/1 application/json-patch+json 121
2019-05-09 17:35:53.602 +07:00 [INF] Executing endpoint 'TomskASUProject.HallOfFame.API.Controllers.V1.PersonsController.UpdatePersonAsync (HallOfFame.API)'
2019-05-09 17:35:53.609 +07:00 [INF] Route matched with {action = "UpdatePersonAsync", controller = "Persons"}. Executing action TomskASUProject.HallOfFame.API.Controllers.V1.PersonsController.UpdatePersonAsync (HallOfFame.API)
2019-05-09 17:35:53.654 +07:00 [INF] Executing action method TomskASUProject.HallOfFame.API.Controllers.V1.PersonsController.UpdatePersonAsync (HallOfFame.API) with arguments (["TomskASUProject.HallOfFame.API.DTOs.PersonDTO","1"]) - Validation state: "Valid"
2019-05-09 17:35:53.658 +07:00 [INF] Entity Framework Core 2.2.4-servicing-10062 initialized 'ApplicationDbContext' using provider 'Microsoft.EntityFrameworkCore.SqlServer' with options: MigrationsAssembly=HallOfFame.API 
2019-05-09 17:35:53.688 +07:00 [INF] Executed DbCommand (27ms) [Parameters=[@__id_0='?' (DbType = Int64)], CommandType='"Text"', CommandTimeout='30']
SELECT TOP(2) [e].[Id], [e].[DisplayName], [e].[Name]
FROM [Persons] AS [e]
WHERE [e].[Id] = @__id_0
ORDER BY [e].[Id]
2019-05-09 17:35:53.711 +07:00 [INF] Executed DbCommand (19ms) [Parameters=[@__id_0='?' (DbType = Int64)], CommandType='"Text"', CommandTimeout='30']
SELECT [e.Skills].[Id], [e.Skills].[Level], [e.Skills].[Name], [e.Skills].[PersonId]
FROM [Skills] AS [e.Skills]
INNER JOIN (
    SELECT TOP(1) [e0].[Id]
    FROM [Persons] AS [e0]
    WHERE [e0].[Id] = @__id_0
    ORDER BY [e0].[Id]
) AS [t] ON [e.Skills].[PersonId] = [t].[Id]
ORDER BY [t].[Id]
2019-05-09 17:35:53.776 +07:00 [INF] Executed DbCommand (48ms) [Parameters=[@p2='?' (DbType = Int64), @p0='?' (Size = 4000), @p1='?' (Size = 4000), @p3='?' (DbType = Int64), @p4='?' (DbType = Int64), @p5='?' (Size = 1) (DbType = Byte), @p6='?' (Size = 4000), @p7='?' (DbType = Int64)], CommandType='"Text"', CommandTimeout='30']
SET NOCOUNT ON;
UPDATE [Persons] SET [DisplayName] = @p0, [Name] = @p1
WHERE [Id] = @p2;
SELECT @@ROWCOUNT;

DELETE FROM [Skills]
WHERE [Id] = @p3;
SELECT @@ROWCOUNT;

DELETE FROM [Skills]
WHERE [Id] = @p4;
SELECT @@ROWCOUNT;

INSERT INTO [Skills] ([Level], [Name], [PersonId])
VALUES (@p5, @p6, @p7);
SELECT [Id]
FROM [Skills]
WHERE @@ROWCOUNT = 1 AND [Id] = scope_identity();
2019-05-09 17:35:53.788 +07:00 [INF] Executed action method TomskASUProject.HallOfFame.API.Controllers.V1.PersonsController.UpdatePersonAsync (HallOfFame.API), returned result Microsoft.AspNetCore.Mvc.OkObjectResult in 131.74890000000002ms.
2019-05-09 17:35:53.791 +07:00 [INF] Executing ObjectResult, writing value of type 'TomskASUProject.HallOfFame.API.DTOs.PersonResponseDTO'.
2019-05-09 17:35:53.792 +07:00 [INF] Executed action TomskASUProject.HallOfFame.API.Controllers.V1.PersonsController.UpdatePersonAsync (HallOfFame.API) in 181.0475ms
2019-05-09 17:35:53.794 +07:00 [INF] Executed endpoint 'TomskASUProject.HallOfFame.API.Controllers.V1.PersonsController.UpdatePersonAsync (HallOfFame.API)'
2019-05-09 17:35:53.796 +07:00 [INF] Request finished in 200.7501ms 200 application/json; charset=utf-8
2019-05-09 17:36:03.638 +07:00 [INF] Request starting HTTP/1.1 DELETE http://localhost:60000/api/v1/person/1  
2019-05-09 17:36:03.640 +07:00 [INF] Executing endpoint 'TomskASUProject.HallOfFame.API.Controllers.V1.PersonsController.DeletePersonAsync (HallOfFame.API)'
2019-05-09 17:36:03.645 +07:00 [INF] Route matched with {action = "DeletePersonAsync", controller = "Persons"}. Executing action TomskASUProject.HallOfFame.API.Controllers.V1.PersonsController.DeletePersonAsync (HallOfFame.API)
2019-05-09 17:36:03.665 +07:00 [INF] Executing action method TomskASUProject.HallOfFame.API.Controllers.V1.PersonsController.DeletePersonAsync (HallOfFame.API) with arguments (["1"]) - Validation state: "Valid"
2019-05-09 17:36:03.669 +07:00 [INF] Entity Framework Core 2.2.4-servicing-10062 initialized 'ApplicationDbContext' using provider 'Microsoft.EntityFrameworkCore.SqlServer' with options: MigrationsAssembly=HallOfFame.API 
2019-05-09 17:36:03.698 +07:00 [INF] Executed DbCommand (26ms) [Parameters=[@__id_0='?' (DbType = Int64)], CommandType='"Text"', CommandTimeout='30']
SELECT TOP(2) [e].[Id], [e].[DisplayName], [e].[Name]
FROM [Persons] AS [e]
WHERE [e].[Id] = @__id_0
ORDER BY [e].[Id]
2019-05-09 17:36:03.720 +07:00 [INF] Executed DbCommand (19ms) [Parameters=[@__id_0='?' (DbType = Int64)], CommandType='"Text"', CommandTimeout='30']
SELECT [e.Skills].[Id], [e.Skills].[Level], [e.Skills].[Name], [e.Skills].[PersonId]
FROM [Skills] AS [e.Skills]
INNER JOIN (
    SELECT TOP(1) [e0].[Id]
    FROM [Persons] AS [e0]
    WHERE [e0].[Id] = @__id_0
    ORDER BY [e0].[Id]
) AS [t] ON [e.Skills].[PersonId] = [t].[Id]
ORDER BY [t].[Id]
2019-05-09 17:36:03.762 +07:00 [INF] Executed DbCommand (34ms) [Parameters=[@p0='?' (DbType = Int64)], CommandType='"Text"', CommandTimeout='30']
SET NOCOUNT ON;
DELETE FROM [Skills]
WHERE [Id] = @p0;
SELECT @@ROWCOUNT;
2019-05-09 17:36:03.783 +07:00 [INF] Executed DbCommand (18ms) [Parameters=[@p1='?' (DbType = Int64)], CommandType='"Text"', CommandTimeout='30']
SET NOCOUNT ON;
DELETE FROM [Persons]
WHERE [Id] = @p1;
SELECT @@ROWCOUNT;
2019-05-09 17:36:03.789 +07:00 [INF] Executed action method TomskASUProject.HallOfFame.API.Controllers.V1.PersonsController.DeletePersonAsync (HallOfFame.API), returned result Microsoft.AspNetCore.Mvc.OkObjectResult in 121.07140000000001ms.
2019-05-09 17:36:03.791 +07:00 [INF] Executing ObjectResult, writing value of type 'TomskASUProject.HallOfFame.API.DTOs.PersonResponseDTO'.
2019-05-09 17:36:03.792 +07:00 [INF] Executed action TomskASUProject.HallOfFame.API.Controllers.V1.PersonsController.DeletePersonAsync (HallOfFame.API) in 145.1009ms
2019-05-09 17:36:03.795 +07:00 [INF] Executed endpoint 'TomskASUProject.HallOfFame.API.Controllers.V1.PersonsController.DeletePersonAsync (HallOfFame.API)'
2019-05-09 17:36:03.797 +07:00 [INF] Request finished in 158.3037ms 200 application/json; charset=utf-8
2019-05-09 17:36:14.359 +07:00 [INF] Request starting HTTP/1.1 GET http://localhost:60000/api/v1/persons  
2019-05-09 17:36:14.361 +07:00 [INF] Executing endpoint 'TomskASUProject.HallOfFame.API.Controllers.V1.PersonsController.GetPersonsAsync (HallOfFame.API)'
2019-05-09 17:36:14.365 +07:00 [INF] Route matched with {action = "GetPersonsAsync", controller = "Persons"}. Executing action TomskASUProject.HallOfFame.API.Controllers.V1.PersonsController.GetPersonsAsync (HallOfFame.API)
2019-05-09 17:36:14.382 +07:00 [INF] Executing action method TomskASUProject.HallOfFame.API.Controllers.V1.PersonsController.GetPersonsAsync (HallOfFame.API) - Validation state: "Valid"
2019-05-09 17:36:14.385 +07:00 [INF] Entity Framework Core 2.2.4-servicing-10062 initialized 'ApplicationDbContext' using provider 'Microsoft.EntityFrameworkCore.SqlServer' with options: MigrationsAssembly=HallOfFame.API 
2019-05-09 17:36:14.410 +07:00 [INF] Executed DbCommand (22ms) [Parameters=[], CommandType='"Text"', CommandTimeout='30']
SELECT [p].[Id], [p].[DisplayName], [p].[Name]
FROM [Persons] AS [p]
2019-05-09 17:36:14.413 +07:00 [INF] Executed action method TomskASUProject.HallOfFame.API.Controllers.V1.PersonsController.GetPersonsAsync (HallOfFame.API), returned result Microsoft.AspNetCore.Mvc.OkObjectResult in 28.8118ms.
2019-05-09 17:36:14.415 +07:00 [INF] Executing ObjectResult, writing value of type 'System.Linq.Enumerable+SelectListIterator`2[[TomskASUProject.HallOfFame.API.Models.Person, HallOfFame.API, Version=1.0.0.0, Culture=neutral, PublicKeyToken=null],[TomskASUProject.HallOfFame.API.DTOs.PersonResponseDTO, HallOfFame.API, Version=1.0.0.0, Culture=neutral, PublicKeyToken=null]]'.
2019-05-09 17:36:14.418 +07:00 [INF] Executed action TomskASUProject.HallOfFame.API.Controllers.V1.PersonsController.GetPersonsAsync (HallOfFame.API) in 51.6894ms
2019-05-09 17:36:14.421 +07:00 [INF] Executed endpoint 'TomskASUProject.HallOfFame.API.Controllers.V1.PersonsController.GetPersonsAsync (HallOfFame.API)'
2019-05-09 17:36:14.422 +07:00 [INF] Request finished in 62.9417ms 200 application/json; charset=utf-8
2019-05-09 17:36:27.778 +07:00 [INF] Request starting HTTP/1.1 PUT http://localhost:60000/api/v1/person application/json-patch+json 201
2019-05-09 17:36:27.780 +07:00 [INF] Executing endpoint 'TomskASUProject.HallOfFame.API.Controllers.V1.PersonsController.CreatePersonAsync (HallOfFame.API)'
2019-05-09 17:36:27.785 +07:00 [INF] Route matched with {action = "CreatePersonAsync", controller = "Persons"}. Executing action TomskASUProject.HallOfFame.API.Controllers.V1.PersonsController.CreatePersonAsync (HallOfFame.API)
2019-05-09 17:36:27.805 +07:00 [INF] Executing action method TomskASUProject.HallOfFame.API.Controllers.V1.PersonsController.CreatePersonAsync (HallOfFame.API) with arguments (["TomskASUProject.HallOfFame.API.DTOs.PersonDTO"]) - Validation state: "Valid"
2019-05-09 17:36:27.809 +07:00 [INF] Entity Framework Core 2.2.4-servicing-10062 initialized 'ApplicationDbContext' using provider 'Microsoft.EntityFrameworkCore.SqlServer' with options: MigrationsAssembly=HallOfFame.API 
2019-05-09 17:36:27.841 +07:00 [INF] Executed DbCommand (28ms) [Parameters=[@p0='?' (Size = 4000), @p1='?' (Size = 4000)], CommandType='"Text"', CommandTimeout='30']
SET NOCOUNT ON;
INSERT INTO [Persons] ([DisplayName], [Name])
VALUES (@p0, @p1);
SELECT [Id]
FROM [Persons]
WHERE @@ROWCOUNT = 1 AND [Id] = scope_identity();
2019-05-09 17:36:27.860 +07:00 [INF] Executed DbCommand (14ms) [Parameters=[@p0='?' (Size = 1) (DbType = Byte), @p1='?' (Size = 4000), @p2='?' (DbType = Int64)], CommandType='"Text"', CommandTimeout='30']
SET NOCOUNT ON;
INSERT INTO [Skills] ([Level], [Name], [PersonId])
VALUES (@p0, @p1, @p2);
SELECT [Id]
FROM [Skills]
WHERE @@ROWCOUNT = 1 AND [Id] = scope_identity();
2019-05-09 17:36:27.878 +07:00 [INF] Executed DbCommand (14ms) [Parameters=[@p0='?' (Size = 1) (DbType = Byte), @p1='?' (Size = 4000), @p2='?' (DbType = Int64)], CommandType='"Text"', CommandTimeout='30']
SET NOCOUNT ON;
INSERT INTO [Skills] ([Level], [Name], [PersonId])
VALUES (@p0, @p1, @p2);
SELECT [Id]
FROM [Skills]
WHERE @@ROWCOUNT = 1 AND [Id] = scope_identity();
2019-05-09 17:36:27.882 +07:00 [INF] Executed action method TomskASUProject.HallOfFame.API.Controllers.V1.PersonsController.CreatePersonAsync (HallOfFame.API), returned result Microsoft.AspNetCore.Mvc.OkObjectResult in 74.65140000000001ms.
2019-05-09 17:36:27.884 +07:00 [INF] Executing ObjectResult, writing value of type 'TomskASUProject.HallOfFame.API.DTOs.PersonResponseDTO'.
2019-05-09 17:36:27.886 +07:00 [INF] Executed action TomskASUProject.HallOfFame.API.Controllers.V1.PersonsController.CreatePersonAsync (HallOfFame.API) in 98.8198ms
2019-05-09 17:36:27.888 +07:00 [INF] Executed endpoint 'TomskASUProject.HallOfFame.API.Controllers.V1.PersonsController.CreatePersonAsync (HallOfFame.API)'
2019-05-09 17:36:27.891 +07:00 [INF] Request finished in 113.2417ms 200 application/json; charset=utf-8
2019-05-09 17:36:47.937 +07:00 [INF] Request starting HTTP/1.1 GET http://localhost:60000/api/v1/persons  
2019-05-09 17:36:47.938 +07:00 [INF] Executing endpoint 'TomskASUProject.HallOfFame.API.Controllers.V1.PersonsController.GetPersonsAsync (HallOfFame.API)'
2019-05-09 17:36:47.940 +07:00 [INF] Route matched with {action = "GetPersonsAsync", controller = "Persons"}. Executing action TomskASUProject.HallOfFame.API.Controllers.V1.PersonsController.GetPersonsAsync (HallOfFame.API)
2019-05-09 17:36:47.959 +07:00 [INF] Executing action method TomskASUProject.HallOfFame.API.Controllers.V1.PersonsController.GetPersonsAsync (HallOfFame.API) - Validation state: "Valid"
2019-05-09 17:36:47.961 +07:00 [INF] Entity Framework Core 2.2.4-servicing-10062 initialized 'ApplicationDbContext' using provider 'Microsoft.EntityFrameworkCore.SqlServer' with options: MigrationsAssembly=HallOfFame.API 
2019-05-09 17:36:47.989 +07:00 [INF] Executed DbCommand (23ms) [Parameters=[], CommandType='"Text"', CommandTimeout='30']
SELECT [p].[Id], [p].[DisplayName], [p].[Name]
FROM [Persons] AS [p]
2019-05-09 17:36:47.992 +07:00 [INF] Executed action method TomskASUProject.HallOfFame.API.Controllers.V1.PersonsController.GetPersonsAsync (HallOfFame.API), returned result Microsoft.AspNetCore.Mvc.OkObjectResult in 31.166900000000002ms.
2019-05-09 17:36:47.994 +07:00 [INF] Executing ObjectResult, writing value of type 'System.Linq.Enumerable+SelectListIterator`2[[TomskASUProject.HallOfFame.API.Models.Person, HallOfFame.API, Version=1.0.0.0, Culture=neutral, PublicKeyToken=null],[TomskASUProject.HallOfFame.API.DTOs.PersonResponseDTO, HallOfFame.API, Version=1.0.0.0, Culture=neutral, PublicKeyToken=null]]'.
2019-05-09 17:36:47.996 +07:00 [INF] Executed action TomskASUProject.HallOfFame.API.Controllers.V1.PersonsController.GetPersonsAsync (HallOfFame.API) in 54.199000000000005ms
2019-05-09 17:36:47.998 +07:00 [INF] Executed endpoint 'TomskASUProject.HallOfFame.API.Controllers.V1.PersonsController.GetPersonsAsync (HallOfFame.API)'
2019-05-09 17:36:48.001 +07:00 [INF] Request finished in 63.9121ms 200 application/json; charset=utf-8
2019-05-09 17:37:01.493 +07:00 [INF] Starting webhost HallOfFame.API
2019-05-09 17:37:01.521 +07:00 [INF] SeedData setting is true. Seeding...
2019-05-09 17:37:01.751 +07:00 [INF] Entity Framework Core 2.2.4-servicing-10062 initialized 'ApplicationDbContext' using provider 'Microsoft.EntityFrameworkCore.SqlServer' with options: MigrationsAssembly=HallOfFame.API 
2019-05-09 17:37:01.899 +07:00 [INF] Executed DbCommand (32ms) [Parameters=[], CommandType='"Text"', CommandTimeout='30']
SELECT OBJECT_ID(N'[__EFMigrationsHistory]');
2019-05-09 17:37:01.915 +07:00 [INF] Executed DbCommand (9ms) [Parameters=[], CommandType='"Text"', CommandTimeout='30']
SELECT OBJECT_ID(N'[__EFMigrationsHistory]');
2019-05-09 17:37:01.930 +07:00 [INF] Executed DbCommand (11ms) [Parameters=[], CommandType='"Text"', CommandTimeout='30']
SELECT [MigrationId], [ProductVersion]
FROM [__EFMigrationsHistory]
ORDER BY [MigrationId];
2019-05-09 17:37:01.937 +07:00 [INF] No migrations were applied. The database is already up to date.
2019-05-09 17:37:02.029 +07:00 [INF] Executed DbCommand (13ms) [Parameters=[], CommandType='"Text"', CommandTimeout='30']
SELECT CASE
    WHEN EXISTS (
        SELECT 1
        FROM [Persons] AS [p])
    THEN CAST(1 AS BIT) ELSE CAST(0 AS BIT)
END
2019-05-09 17:37:02.037 +07:00 [WRN] Database context is already set up and has demo data. Change SeedData to false in appsettings.json (HallOfFame.API)
2019-05-09 17:37:02.041 +07:00 [INF] Seeding successfully completed! (HallOfFame.API)
2019-05-09 17:37:02.104 +07:00 [INF] User profile is available. Using 'C:\Users\evg\AppData\Local\ASP.NET\DataProtection-Keys' as key repository and Windows DPAPI to encrypt keys at rest.
2019-05-09 17:37:13.256 +07:00 [INF] Request starting HTTP/1.1 GET http://localhost:60000/api/v1/person/0  
2019-05-09 17:37:13.344 +07:00 [INF] Executing endpoint 'TomskASUProject.HallOfFame.API.Controllers.V1.PersonsController.GetPersonAsync (HallOfFame.API)'
2019-05-09 17:37:13.368 +07:00 [INF] Route matched with {action = "GetPersonAsync", controller = "Persons"}. Executing action TomskASUProject.HallOfFame.API.Controllers.V1.PersonsController.GetPersonAsync (HallOfFame.API)
2019-05-09 17:37:13.439 +07:00 [INF] Executing action method TomskASUProject.HallOfFame.API.Controllers.V1.PersonsController.GetPersonAsync (HallOfFame.API) with arguments (["0"]) - Validation state: "Valid"
2019-05-09 17:37:13.462 +07:00 [INF] Entity Framework Core 2.2.4-servicing-10062 initialized 'ApplicationDbContext' using provider 'Microsoft.EntityFrameworkCore.SqlServer' with options: MigrationsAssembly=HallOfFame.API 
2019-05-09 17:37:13.604 +07:00 [INF] Executed DbCommand (51ms) [Parameters=[@__id_0='?' (DbType = Int64)], CommandType='"Text"', CommandTimeout='30']
SELECT TOP(2) [e].[Id], [e].[DisplayName], [e].[Name]
FROM [Persons] AS [e]
WHERE [e].[Id] = @__id_0
ORDER BY [e].[Id]
2019-05-09 17:37:13.626 +07:00 [INF] Executed action method TomskASUProject.HallOfFame.API.Controllers.V1.PersonsController.GetPersonAsync (HallOfFame.API), returned result Microsoft.AspNetCore.Mvc.NotFoundObjectResult in 172.4892ms.
2019-05-09 17:37:13.639 +07:00 [INF] Executing ObjectResult, writing value of type 'System.String'.
2019-05-09 17:37:13.647 +07:00 [INF] Executed action TomskASUProject.HallOfFame.API.Controllers.V1.PersonsController.GetPersonAsync (HallOfFame.API) in 275.226ms
2019-05-09 17:37:13.651 +07:00 [INF] Executed endpoint 'TomskASUProject.HallOfFame.API.Controllers.V1.PersonsController.GetPersonAsync (HallOfFame.API)'
2019-05-09 17:37:13.663 +07:00 [INF] Request finished in 407.3244ms 404 text/plain; charset=utf-8
2019-05-09 17:37:17.279 +07:00 [INF] Request starting HTTP/1.1 GET http://localhost:60000/api/v1/person/1  
2019-05-09 17:37:17.282 +07:00 [INF] Executing endpoint 'TomskASUProject.HallOfFame.API.Controllers.V1.PersonsController.GetPersonAsync (HallOfFame.API)'
2019-05-09 17:37:17.286 +07:00 [INF] Route matched with {action = "GetPersonAsync", controller = "Persons"}. Executing action TomskASUProject.HallOfFame.API.Controllers.V1.PersonsController.GetPersonAsync (HallOfFame.API)
2019-05-09 17:37:17.311 +07:00 [INF] Executing action method TomskASUProject.HallOfFame.API.Controllers.V1.PersonsController.GetPersonAsync (HallOfFame.API) with arguments (["1"]) - Validation state: "Valid"
2019-05-09 17:37:17.314 +07:00 [INF] Entity Framework Core 2.2.4-servicing-10062 initialized 'ApplicationDbContext' using provider 'Microsoft.EntityFrameworkCore.SqlServer' with options: MigrationsAssembly=HallOfFame.API 
2019-05-09 17:37:17.352 +07:00 [INF] Executed DbCommand (34ms) [Parameters=[@__id_0='?' (DbType = Int64)], CommandType='"Text"', CommandTimeout='30']
SELECT TOP(2) [e].[Id], [e].[DisplayName], [e].[Name]
FROM [Persons] AS [e]
WHERE [e].[Id] = @__id_0
ORDER BY [e].[Id]
2019-05-09 17:37:17.355 +07:00 [INF] Executed action method TomskASUProject.HallOfFame.API.Controllers.V1.PersonsController.GetPersonAsync (HallOfFame.API), returned result Microsoft.AspNetCore.Mvc.NotFoundObjectResult in 42.1301ms.
2019-05-09 17:37:17.357 +07:00 [INF] Executing ObjectResult, writing value of type 'System.String'.
2019-05-09 17:37:17.359 +07:00 [INF] Executed action TomskASUProject.HallOfFame.API.Controllers.V1.PersonsController.GetPersonAsync (HallOfFame.API) in 70.42880000000001ms
2019-05-09 17:37:17.360 +07:00 [INF] Executed endpoint 'TomskASUProject.HallOfFame.API.Controllers.V1.PersonsController.GetPersonAsync (HallOfFame.API)'
2019-05-09 17:37:17.363 +07:00 [INF] Request finished in 84.0977ms 404 text/plain; charset=utf-8
2019-05-09 17:37:21.656 +07:00 [INF] Request starting HTTP/1.1 GET http://localhost:60000/api/v1/person/2  
2019-05-09 17:37:21.658 +07:00 [INF] Executing endpoint 'TomskASUProject.HallOfFame.API.Controllers.V1.PersonsController.GetPersonAsync (HallOfFame.API)'
2019-05-09 17:37:21.662 +07:00 [INF] Route matched with {action = "GetPersonAsync", controller = "Persons"}. Executing action TomskASUProject.HallOfFame.API.Controllers.V1.PersonsController.GetPersonAsync (HallOfFame.API)
2019-05-09 17:37:21.683 +07:00 [INF] Executing action method TomskASUProject.HallOfFame.API.Controllers.V1.PersonsController.GetPersonAsync (HallOfFame.API) with arguments (["2"]) - Validation state: "Valid"
2019-05-09 17:37:21.687 +07:00 [INF] Entity Framework Core 2.2.4-servicing-10062 initialized 'ApplicationDbContext' using provider 'Microsoft.EntityFrameworkCore.SqlServer' with options: MigrationsAssembly=HallOfFame.API 
2019-05-09 17:37:21.714 +07:00 [INF] Executed DbCommand (24ms) [Parameters=[@__id_0='?' (DbType = Int64)], CommandType='"Text"', CommandTimeout='30']
SELECT TOP(2) [e].[Id], [e].[DisplayName], [e].[Name]
FROM [Persons] AS [e]
WHERE [e].[Id] = @__id_0
ORDER BY [e].[Id]
2019-05-09 17:37:21.782 +07:00 [INF] Executed DbCommand (35ms) [Parameters=[@__id_0='?' (DbType = Int64)], CommandType='"Text"', CommandTimeout='30']
SELECT [e.Skills].[Id], [e.Skills].[Level], [e.Skills].[Name], [e.Skills].[PersonId]
FROM [Skills] AS [e.Skills]
INNER JOIN (
    SELECT TOP(1) [e0].[Id]
    FROM [Persons] AS [e0]
    WHERE [e0].[Id] = @__id_0
    ORDER BY [e0].[Id]
) AS [t] ON [e.Skills].[PersonId] = [t].[Id]
ORDER BY [t].[Id]
2019-05-09 17:37:21.802 +07:00 [INF] Executed action method TomskASUProject.HallOfFame.API.Controllers.V1.PersonsController.GetPersonAsync (HallOfFame.API), returned result Microsoft.AspNetCore.Mvc.OkObjectResult in 115.0203ms.
2019-05-09 17:37:21.805 +07:00 [INF] Executing ObjectResult, writing value of type 'TomskASUProject.HallOfFame.API.DTOs.PersonResponseDTO'.
2019-05-09 17:37:21.849 +07:00 [INF] Executed action TomskASUProject.HallOfFame.API.Controllers.V1.PersonsController.GetPersonAsync (HallOfFame.API) in 184.6242ms
2019-05-09 17:37:21.852 +07:00 [INF] Executed endpoint 'TomskASUProject.HallOfFame.API.Controllers.V1.PersonsController.GetPersonAsync (HallOfFame.API)'
2019-05-09 17:37:21.854 +07:00 [INF] Request finished in 198.5009ms 200 application/json; charset=utf-8
2019-05-09 17:37:25.470 +07:00 [INF] Request starting HTTP/1.1 GET http://localhost:60000/api/v2/person/2  
2019-05-09 17:37:25.480 +07:00 [INF] Multiple candidate actions were found, but none matched the requested service API version '2'. Candidate actions: TomskASUProject.HallOfFame.API.Controllers.V1.PersonsController.GetPersonAsync (HallOfFame.API)
2019-05-09 17:37:25.490 +07:00 [INF] Executing endpoint 'null'
2019-05-09 17:37:25.494 +07:00 [INF] Executing ObjectResult, writing value of type '<>f__AnonymousType0`1[[<>f__AnonymousType1`3[[System.String, System.Private.CoreLib, Version=4.0.0.0, Culture=neutral, PublicKeyToken=7cec85d7bea7798e],[System.String, System.Private.CoreLib, Version=4.0.0.0, Culture=neutral, PublicKeyToken=7cec85d7bea7798e],[<>f__AnonymousType2`1[[System.String, System.Private.CoreLib, Version=4.0.0.0, Culture=neutral, PublicKeyToken=7cec85d7bea7798e]], Microsoft.AspNetCore.Mvc.Versioning, Version=3.1.0.0, Culture=neutral, PublicKeyToken=adb9793829ddae60]], Microsoft.AspNetCore.Mvc.Versioning, Version=3.1.0.0, Culture=neutral, PublicKeyToken=adb9793829ddae60]]'.
2019-05-09 17:37:25.500 +07:00 [INF] Executed endpoint 'null'
2019-05-09 17:37:25.502 +07:00 [INF] Request finished in 32.2735ms 400 application/json; charset=utf-8
